[debug] [2022-12-01T16:58:57.655Z] ----------------------------------------------------------------------
[debug] [2022-12-01T16:58:57.656Z] Command:       C:\Program Files\nodejs\node.exe C:\Users\Eladi\AppData\Roaming\npm\node_modules\firebase-tools\lib\bin\firebase.js init
[debug] [2022-12-01T16:58:57.656Z] CLI Version:   11.16.1
[debug] [2022-12-01T16:58:57.656Z] Platform:      win32
[debug] [2022-12-01T16:58:57.656Z] Node Version:  v18.12.1
[debug] [2022-12-01T16:58:57.657Z] Time:          Thu Dec 01 2022 17:58:57 GMT+0100 (heure normale d’Europe centrale)
[debug] [2022-12-01T16:58:57.657Z] ----------------------------------------------------------------------
[debug] 
[debug] [2022-12-01T16:58:57.709Z] > command requires scopes: ["email","openid","https://www.googleapis.com/auth/cloudplatformprojects.readonly","https://www.googleapis.com/auth/firebase","https://www.googleapis.com/auth/cloud-platform"]
[debug] [2022-12-01T16:58:57.710Z] > authorizing via signed-in user (eladib.fares@gmail.com)
[info] 
     ######## #### ########  ######## ########     ###     ######  ########
     ##        ##  ##     ## ##       ##     ##  ##   ##  ##       ##
     ######    ##  ########  ######   ########  #########  ######  ######
     ##        ##  ##    ##  ##       ##     ## ##     ##       ## ##
     ##       #### ##     ## ######## ########  ##     ##  ######  ########

You're about to initialize a Firebase project in this directory:

  C:\Users\Eladi\OneDrive\Desktop\UberApplication - Copie\uber-next-clone

Before we get started, keep in mind:

  * You are initializing within an existing Firebase project directory

